[debug] [2024-07-29T18:48:35.210Z] ----------------------------------------------------------------------
[debug] [2024-07-29T18:48:35.212Z] Command:       C:\Program Files\nodejs\node.exe C:\Users\Sipho Mahlangu\AppData\Roaming\npm\node_modules\firebase-tools\lib\bin\firebase.js init
[debug] [2024-07-29T18:48:35.213Z] CLI Version:   13.14.2
[debug] [2024-07-29T18:48:35.214Z] Platform:      win32
[debug] [2024-07-29T18:48:35.214Z] Node Version:  v18.16.1
[debug] [2024-07-29T18:48:35.216Z] Time:          Mon Jul 29 2024 20:48:35 GMT+0200 (South Africa Standard Time)
[debug] [2024-07-29T18:48:35.216Z] ----------------------------------------------------------------------
[debug] 
[debug] [2024-07-29T18:48:35.330Z] > command requires scopes: ["email","openid","https://www.googleapis.com/auth/cloudplatformprojects.readonly","https://www.googleapis.com/auth/firebase","https://www.googleapis.com/auth/cloud-platform"]
[debug] [2024-07-29T18:48:35.330Z] > authorizing via signed-in user (zuluarnold0@gmail.com)
[info] 
     ######## #### ########  ######## ########     ###     ######  ########
     ##        ##  ##     ## ##       ##     ##  ##   ##  ##       ##
     ######    ##  ########  ######   ########  #########  ######  ######
     ##        ##  ##    ##  ##       ##     ## ##     ##       ## ##
     ##       #### ##     ## ######## ########  ##     ##  ######  ########

You're about to initialize a Firebase project in this directory:

  C:\Users\Sipho Mahlangu\Documents\cv-projects\portfolio-2023

Before we get started, keep in mind:

  * You are initializing within an existing Firebase project directory

